<?xml version="1.0" encoding="UTF-8"?>
<testng-results ignored="0" total="1" passed="1" failed="0" skipped="0">
  <reporter-output>
  </reporter-output>
  <suite started-at="2023-08-23T06:38:17Z" name="Default suite" finished-at="2023-08-23T06:38:23Z" duration-ms="6050">
    <groups>
    </groups>
    <test started-at="2023-08-23T06:38:17Z" name="Default test" finished-at="2023-08-23T06:38:23Z" duration-ms="6050">
      <class name="TestCases.TC_Login">
        <test-method is-config="true" signature="OpenApplication()[pri:0, instance:TestCases.TC_Login@4bdeaabb]" started-at="2023-08-23T06:38:17Z" name="OpenApplication" finished-at="2023-08-23T06:38:20Z" duration-ms="2538" status="PASS">
          <reporter-output>
          </reporter-output>
        </test-method> <!-- OpenApplication -->
        <test-method signature="login()[pri:0, instance:TestCases.TC_Login@4bdeaabb]" started-at="2023-08-23T06:38:20Z" name="login" finished-at="2023-08-23T06:38:23Z" duration-ms="3297" status="PASS">
          <reporter-output>
          </reporter-output>
        </test-method> <!-- login -->
        <test-method is-config="true" signature="CloseApplication()[pri:0, instance:TestCases.TC_Login@4bdeaabb]" started-at="2023-08-23T06:38:23Z" name="CloseApplication" finished-at="2023-08-23T06:38:23Z" duration-ms="192" status="PASS">
          <reporter-output>
          </reporter-output>
        </test-method> <!-- CloseApplication -->
      </class> <!-- TestCases.TC_Login -->
    </test> <!-- Default test -->
  </suite> <!-- Default suite -->
</testng-results>
